Arguments: 
  /Users/conradogonzalez/.nvm/versions/node/v14.17.5/bin/node /Users/conradogonzalez/.nvm/versions/node/v14.17.5/bin/yarn global bin

PATH: 
  /Users/conradogonzalez/.nvm/versions/node/v14.17.5/bin:/usr/local/bin:/usr/bin:/bin:/usr/sbin:/sbin:/Users/conradogonzalez/Library/Android/sdk/platform-tools:/Users/conradogonzalez/.nvm/versions/node/v14.17.5/bin:info If you think this is a bug, please open a bug report with the information provided in "/Users/conradogonzalez/Desktop/NucampFolder/5-NodeJS-Express-MongoDB/node-express/yarn-error.log".
  info Visit https://yarnpkg.com/en/docs/cli/global for documentation about this command.:info If you think this is a bug, please open a bug report with the information provided in "/Users/conradogonzalez/Desktop/NucampFolder/5-NodeJS-Express-MongoDB/node-express/yarn-error.log".
  info Visit https://yarnpkg.com/en/docs/cli/global for documentation about this command.

Yarn version: 
  1.22.11

Node version: 
  14.17.5

Platform: 
  darwin x64

Trace: 
  SyntaxError: /Users/conradogonzalez/Desktop/NucampFolder/5-NodeJS-Express-MongoDB/node-express/package.json: Unexpected end of JSON input
      at JSON.parse (<anonymous>)
      at /Users/conradogonzalez/.nvm/versions/node/v14.17.5/lib/node_modules/yarn/lib/cli.js:1625:59
      at Generator.next (<anonymous>)
      at step (/Users/conradogonzalez/.nvm/versions/node/v14.17.5/lib/node_modules/yarn/lib/cli.js:310:30)
      at /Users/conradogonzalez/.nvm/versions/node/v14.17.5/lib/node_modules/yarn/lib/cli.js:321:13

npm manifest: 
  

yarn manifest: 
  No manifest

Lockfile: 
  No lockfile
